<?xml version="1.0" encoding="UTF-8"?>
<testsuite name="list.MyArrayListTest" tests="1" skipped="0" failures="0" errors="0" timestamp="2019-08-09T09:02:28" hostname="DESKTOP-MFE17KT" time="0.056">
  <properties/>
  <testcase name="testRemoveAll" classname="list.MyArrayListTest" time="0.056"/>
  <system-out><![CDATA[]]></system-out>
  <system-err><![CDATA[]]></system-err>
</testsuite>
